 WARN [2016-03-17 15:37:50,144] (ProjectService.java:handleRetrieveResult:2085) - Nothing to save to project - retrieve result is empty
 WARN [2016-03-17 15:38:11,764] (ProjectService.java:handleDeployResult:1909) - Save failed!
 WARN [2016-03-17 15:38:11,764] (ProjectService.java:handleRetrieveResult:2085) - Nothing to save to project - retrieve result is empty
 WARN [2016-03-17 15:39:23,123] (ProjectService.java:handleDeployResult:1909) - Save failed!
 WARN [2016-03-17 15:39:23,133] (ProjectService.java:handleRetrieveResult:2085) - Nothing to save to project - retrieve result is empty
 WARN [2016-03-17 15:39:29,719] (ProjectService.java:handleDeployResult:1909) - Save failed!
 WARN [2016-03-17 15:39:29,729] (ProjectService.java:handleRetrieveResult:2085) - Nothing to save to project - retrieve result is empty
 WARN [2016-03-17 15:39:41,112] (ProjectService.java:handleDeployResult:1909) - Save failed!
 WARN [2016-03-17 15:39:41,112] (ProjectService.java:handleRetrieveResult:2085) - Nothing to save to project - retrieve result is empty
 WARN [2016-03-17 15:40:01,627] (ApexReconcilingStrategy.java:handleException:155) - Error occured during reconcile
java.lang.IllegalArgumentException: 11: line breaks not allowed in string literals
	at com.salesforce.ide.ui.editors.apex.outline.AstUtils.removeComments(AstUtils.java:671)
	at com.salesforce.ide.ui.editors.apex.ast.IdeApexParserFactory.newParser(IdeApexParserFactory.java:45)
	at com.salesforce.ide.ui.editors.apex.ApexReconcilingStrategy$1.run(ApexReconcilingStrategy.java:89)
	at org.eclipse.core.runtime.SafeRunner.run(SafeRunner.java:42)
	at com.salesforce.ide.ui.editors.apex.ApexReconcilingStrategy.reconcile(ApexReconcilingStrategy.java:59)
	at com.salesforce.ide.ui.editors.apex.ApexReconcilingStrategy.reconcile(ApexReconcilingStrategy.java:240)
	at org.eclipse.jface.text.reconciler.MonoReconciler.process(MonoReconciler.java:77)
	at com.salesforce.ide.ui.editors.apex.ApexReconciler.process(ApexReconciler.java:288)
	at org.eclipse.jface.text.reconciler.AbstractReconciler$BackgroundThread.run(AbstractReconciler.java:206)
 WARN [2016-03-17 15:40:01,627] (ApexCodeEditor.java:getStatementNear:789) - An error occured while parsing the AST, the last cached version of the AST is being used
java.lang.IllegalArgumentException: 11: line breaks not allowed in string literals
	at com.salesforce.ide.ui.editors.apex.outline.AstUtils.removeComments(AstUtils.java:671)
	at com.salesforce.ide.ui.editors.apex.ast.IdeApexParserFactory.newParser(IdeApexParserFactory.java:45)
	at com.salesforce.ide.ui.editors.apex.ApexCodeEditor.getStatementNear(ApexCodeEditor.java:784)
	at com.salesforce.ide.ui.editors.apex.ApexCodeEditor.getSourceElementAt(ApexCodeEditor.java:745)
	at com.salesforce.ide.ui.editors.apex.ApexCodeEditor.computeHighlightRangeSourceReference(ApexCodeEditor.java:741)
	at com.salesforce.ide.ui.editors.apex.ApexCodeEditor.selectionChanged(ApexCodeEditor.java:605)
	at com.salesforce.ide.ui.editors.apex.AstEditor$1.run(AstEditor.java:45)
	at org.eclipse.swt.widgets.RunnableLock.run(RunnableLock.java:35)
	at org.eclipse.swt.widgets.Synchronizer.runAsyncMessages(Synchronizer.java:135)
	at org.eclipse.swt.widgets.Display.runAsyncMessages(Display.java:4145)
	at org.eclipse.swt.widgets.Display.readAndDispatch(Display.java:3762)
	at org.eclipse.e4.ui.internal.workbench.swt.PartRenderingEngine$9.run(PartRenderingEngine.java:1113)
	at org.eclipse.core.databinding.observable.Realm.runWithDefault(Realm.java:332)
	at org.eclipse.e4.ui.internal.workbench.swt.PartRenderingEngine.run(PartRenderingEngine.java:997)
	at org.eclipse.e4.ui.internal.workbench.E4Workbench.createAndRunUI(E4Workbench.java:138)
	at org.eclipse.ui.internal.Workbench$5.run(Workbench.java:610)
	at org.eclipse.core.databinding.observable.Realm.runWithDefault(Realm.java:332)
	at org.eclipse.ui.internal.Workbench.createAndRunWorkbench(Workbench.java:567)
	at org.eclipse.ui.PlatformUI.createAndRunWorkbench(PlatformUI.java:150)
	at org.eclipse.ui.internal.ide.application.IDEApplication.start(IDEApplication.java:124)
	at org.eclipse.equinox.internal.app.EclipseAppHandle.run(EclipseAppHandle.java:196)
	at org.eclipse.core.runtime.internal.adaptor.EclipseAppLauncher.runApplication(EclipseAppLauncher.java:110)
	at org.eclipse.core.runtime.internal.adaptor.EclipseAppLauncher.start(EclipseAppLauncher.java:79)
	at org.eclipse.core.runtime.adaptor.EclipseStarter.run(EclipseStarter.java:354)
	at org.eclipse.core.runtime.adaptor.EclipseStarter.run(EclipseStarter.java:181)
	at sun.reflect.NativeMethodAccessorImpl.invoke0(Native Method)
	at sun.reflect.NativeMethodAccessorImpl.invoke(NativeMethodAccessorImpl.java:57)
	at sun.reflect.DelegatingMethodAccessorImpl.invoke(DelegatingMethodAccessorImpl.java:43)
	at java.lang.reflect.Method.invoke(Method.java:606)
	at org.eclipse.equinox.launcher.Main.invokeFramework(Main.java:636)
	at org.eclipse.equinox.launcher.Main.basicRun(Main.java:591)
	at org.eclipse.equinox.launcher.Main.run(Main.java:1450)
 WARN [2016-03-17 15:40:07,273] (ProjectService.java:handleDeployResult:1909) - Save failed!
 WARN [2016-03-17 15:40:07,273] (ProjectService.java:handleRetrieveResult:2085) - Nothing to save to project - retrieve result is empty
 WARN [2016-03-17 15:40:27,987] (ProjectService.java:handleDeployResult:1909) - Save failed!
 WARN [2016-03-17 15:40:27,997] (ProjectService.java:handleRetrieveResult:2085) - Nothing to save to project - retrieve result is empty
 WARN [2016-03-17 16:44:33,356] (ComponentFactory.java:getComponentBean:1145) - Unable to get component for id 'ExternalDataSource': Unable to get bean for id 'ExternalDataSource'
 WARN [2016-03-17 16:44:33,366] (ComponentFactory.java:getComponentBean:1145) - Unable to get component for id 'FlexiPage': Unable to get bean for id 'FlexiPage'
 WARN [2016-03-17 16:44:33,376] (ComponentFactory.java:getComponentBean:1145) - Unable to get component for id 'SynonymDictionary': Unable to get bean for id 'SynonymDictionary'
 WARN [2016-03-17 16:44:33,748] (ComponentFactory.java:getComponentBean:1145) - Unable to get component for id 'ExternalDataSource': Unable to get bean for id 'ExternalDataSource'
 WARN [2016-03-17 16:44:33,758] (ComponentFactory.java:getComponentBean:1145) - Unable to get component for id 'FlexiPage': Unable to get bean for id 'FlexiPage'
 WARN [2016-03-17 16:44:33,768] (ComponentFactory.java:getComponentBean:1145) - Unable to get component for id 'SynonymDictionary': Unable to get bean for id 'SynonymDictionary'
 WARN [2016-03-17 16:45:40,753] (ComponentFactory.java:getCompositeComponentFromComponent:1093) - Unable to load existing 'classes/TestClassManageAccount.cls-meta.xml' from project - associated component's file resource is null.  Assuming new.
 WARN [2016-03-17 16:45:41,225] (ComponentFactory.java:getComponentBean:1145) - Unable to get component for id 'ExternalDataSource': Unable to get bean for id 'ExternalDataSource'
 WARN [2016-03-17 16:45:41,235] (ComponentFactory.java:getComponentBean:1145) - Unable to get component for id 'FlexiPage': Unable to get bean for id 'FlexiPage'
 WARN [2016-03-17 16:45:41,245] (ComponentFactory.java:getComponentBean:1145) - Unable to get component for id 'SynonymDictionary': Unable to get bean for id 'SynonymDictionary'
 WARN [2016-03-17 16:45:44,391] (Utils.java:loadDocument:823) - Unable to load document: D:\workspace\.metadata\.plugins\org.eclipse.core.resources\.projects\TestClassesOrg2\com.salesforce.ide.core\packageCache.xml (The system cannot find the file specified)
 WARN [2016-03-17 16:45:44,400] (ComponentController.java:run:370) - Unable to update cache with new component Apex Class - cache is not found
 WARN [2016-03-17 17:36:33,516] (ComponentFactory.java:getCompositeComponentFromComponent:1093) - Unable to load existing 'classes/TestUser.cls-meta.xml' from project - associated component's file resource is null.  Assuming new.
 WARN [2016-03-17 17:36:34,450] (ComponentFactory.java:getComponentBean:1145) - Unable to get component for id 'ExternalDataSource': Unable to get bean for id 'ExternalDataSource'
 WARN [2016-03-17 17:36:34,460] (ComponentFactory.java:getComponentBean:1145) - Unable to get component for id 'FlexiPage': Unable to get bean for id 'FlexiPage'
 WARN [2016-03-17 17:36:34,472] (ComponentFactory.java:getComponentBean:1145) - Unable to get component for id 'SynonymDictionary': Unable to get bean for id 'SynonymDictionary'
 WARN [2016-03-17 17:37:04,108] (ProjectService.java:handleDeployResult:1909) - Save failed!
 WARN [2016-03-17 17:37:04,118] (ProjectService.java:handleRetrieveResult:2085) - Nothing to save to project - retrieve result is empty
 WARN [2016-03-17 18:10:24,717] (ApexCodeEditor.java:getStatementNear:789) - An error occured while parsing the AST, the last cached version of the AST is being used
apex.parser.ApexParseException: expecting a semi-colon, found 'System.runAs'
	at apex.parser.ApexParser.parseClass(ApexParser.java:85)
	at com.salesforce.ide.ui.editors.apex.ast.IdeApexClzParser.parseClass(IdeApexClzParser.java:58)
	at com.salesforce.ide.ui.editors.apex.ast.IdeApexClzParser.parse(IdeApexClzParser.java:35)
	at com.salesforce.ide.ui.editors.apex.ApexCodeEditor.getStatementNear(ApexCodeEditor.java:786)
	at com.salesforce.ide.ui.editors.apex.ApexCodeEditor.getSourceElementAt(ApexCodeEditor.java:745)
	at com.salesforce.ide.ui.editors.apex.ApexCodeEditor.computeHighlightRangeSourceReference(ApexCodeEditor.java:741)
	at com.salesforce.ide.ui.editors.apex.ApexCodeEditor.selectionChanged(ApexCodeEditor.java:605)
	at com.salesforce.ide.ui.editors.apex.ApexCodeEditor$EditorSelectionChangedListener.selectionChanged(ApexCodeEditor.java:598)
	at org.eclipse.jface.text.TextViewer.firePostSelectionChanged(TextViewer.java:2755)
	at org.eclipse.jface.text.TextViewer.firePostSelectionChanged(TextViewer.java:2703)
	at org.eclipse.jface.text.TextViewer$5.run(TextViewer.java:2682)
	at org.eclipse.swt.widgets.Display.runTimer(Display.java:4271)
	at org.eclipse.swt.widgets.Display.messageProc(Display.java:3358)
	at org.eclipse.swt.internal.win32.OS.DispatchMessageW(Native Method)
	at org.eclipse.swt.internal.win32.OS.DispatchMessage(OS.java:2549)
	at org.eclipse.swt.widgets.Display.readAndDispatch(Display.java:3757)
	at org.eclipse.e4.ui.internal.workbench.swt.PartRenderingEngine$9.run(PartRenderingEngine.java:1113)
	at org.eclipse.core.databinding.observable.Realm.runWithDefault(Realm.java:332)
	at org.eclipse.e4.ui.internal.workbench.swt.PartRenderingEngine.run(PartRenderingEngine.java:997)
	at org.eclipse.e4.ui.internal.workbench.E4Workbench.createAndRunUI(E4Workbench.java:138)
	at org.eclipse.ui.internal.Workbench$5.run(Workbench.java:610)
	at org.eclipse.core.databinding.observable.Realm.runWithDefault(Realm.java:332)
	at org.eclipse.ui.internal.Workbench.createAndRunWorkbench(Workbench.java:567)
	at org.eclipse.ui.PlatformUI.createAndRunWorkbench(PlatformUI.java:150)
	at org.eclipse.ui.internal.ide.application.IDEApplication.start(IDEApplication.java:124)
	at org.eclipse.equinox.internal.app.EclipseAppHandle.run(EclipseAppHandle.java:196)
	at org.eclipse.core.runtime.internal.adaptor.EclipseAppLauncher.runApplication(EclipseAppLauncher.java:110)
	at org.eclipse.core.runtime.internal.adaptor.EclipseAppLauncher.start(EclipseAppLauncher.java:79)
	at org.eclipse.core.runtime.adaptor.EclipseStarter.run(EclipseStarter.java:354)
	at org.eclipse.core.runtime.adaptor.EclipseStarter.run(EclipseStarter.java:181)
	at sun.reflect.NativeMethodAccessorImpl.invoke0(Native Method)
	at sun.reflect.NativeMethodAccessorImpl.invoke(NativeMethodAccessorImpl.java:57)
	at sun.reflect.DelegatingMethodAccessorImpl.invoke(DelegatingMethodAccessorImpl.java:43)
	at java.lang.reflect.Method.invoke(Method.java:606)
	at org.eclipse.equinox.launcher.Main.invokeFramework(Main.java:636)
	at org.eclipse.equinox.launcher.Main.basicRun(Main.java:591)
	at org.eclipse.equinox.launcher.Main.run(Main.java:1450)
Caused by: MismatchedTokenException(131!=141)
	at apex.parser.gen.ApexParser.recoverFromMismatchedToken(ApexParser.java:280)
	at org.antlr.runtime.BaseRecognizer.match(BaseRecognizer.java:115)
	at apex.parser.gen.ApexParser.localVariableDeclarationStatement(ApexParser.java:1867)
	at apex.parser.gen.ApexParser.blockStatement(ApexParser.java:1809)
	at apex.parser.gen.ApexParser.block(ApexParser.java:1756)
	at apex.parser.gen.ApexParser.methodDeclaratorRest(ApexParser.java:8100)
	at apex.parser.gen.ApexParser.methodDeclaration(ApexParser.java:8030)
	at apex.parser.gen.ApexParser.memberDeclaration(ApexParser.java:5178)
	at apex.parser.gen.ApexParser.memberDecl(ApexParser.java:3664)
	at apex.parser.gen.ApexParser.classBodyDeclaration(ApexParser.java:1242)
	at apex.parser.gen.ApexParser.classDeclaration(ApexParser.java:591)
	at apex.parser.gen.ApexParser.typeDeclaration(ApexParser.java:416)
	at apex.parser.ApexParser.parseClass(ApexParser.java:79)
	... 36 more
 WARN [2016-03-17 18:10:50,756] (ApexCodeEditor.java:getStatementNear:789) - An error occured while parsing the AST, the last cached version of the AST is being used
apex.parser.ApexParseException: unexpected token: 'fax'
	at apex.parser.ApexParser.parseClass(ApexParser.java:85)
	at com.salesforce.ide.ui.editors.apex.ast.IdeApexClzParser.parseClass(IdeApexClzParser.java:58)
	at com.salesforce.ide.ui.editors.apex.ast.IdeApexClzParser.parse(IdeApexClzParser.java:35)
	at com.salesforce.ide.ui.editors.apex.ApexCodeEditor.getStatementNear(ApexCodeEditor.java:786)
	at com.salesforce.ide.ui.editors.apex.ApexCodeEditor.getSourceElementAt(ApexCodeEditor.java:745)
	at com.salesforce.ide.ui.editors.apex.ApexCodeEditor.computeHighlightRangeSourceReference(ApexCodeEditor.java:741)
	at com.salesforce.ide.ui.editors.apex.ApexCodeEditor.selectionChanged(ApexCodeEditor.java:605)
	at com.salesforce.ide.ui.editors.apex.ApexCodeEditor$EditorSelectionChangedListener.selectionChanged(ApexCodeEditor.java:598)
	at org.eclipse.jface.text.TextViewer.firePostSelectionChanged(TextViewer.java:2755)
	at org.eclipse.jface.text.TextViewer.firePostSelectionChanged(TextViewer.java:2703)
	at org.eclipse.jface.text.TextViewer$5.run(TextViewer.java:2682)
	at org.eclipse.swt.widgets.Display.runTimer(Display.java:4271)
	at org.eclipse.swt.widgets.Display.messageProc(Display.java:3358)
	at org.eclipse.swt.internal.win32.OS.DispatchMessageW(Native Method)
	at org.eclipse.swt.internal.win32.OS.DispatchMessage(OS.java:2549)
	at org.eclipse.swt.widgets.Display.readAndDispatch(Display.java:3757)
	at org.eclipse.e4.ui.internal.workbench.swt.PartRenderingEngine$9.run(PartRenderingEngine.java:1113)
	at org.eclipse.core.databinding.observable.Realm.runWithDefault(Realm.java:332)
	at org.eclipse.e4.ui.internal.workbench.swt.PartRenderingEngine.run(PartRenderingEngine.java:997)
	at org.eclipse.e4.ui.internal.workbench.E4Workbench.createAndRunUI(E4Workbench.java:138)
	at org.eclipse.ui.internal.Workbench$5.run(Workbench.java:610)
	at org.eclipse.core.databinding.observable.Realm.runWithDefault(Realm.java:332)
	at org.eclipse.ui.internal.Workbench.createAndRunWorkbench(Workbench.java:567)
	at org.eclipse.ui.PlatformUI.createAndRunWorkbench(PlatformUI.java:150)
	at org.eclipse.ui.internal.ide.application.IDEApplication.start(IDEApplication.java:124)
	at org.eclipse.equinox.internal.app.EclipseAppHandle.run(EclipseAppHandle.java:196)
	at org.eclipse.core.runtime.internal.adaptor.EclipseAppLauncher.runApplication(EclipseAppLauncher.java:110)
	at org.eclipse.core.runtime.internal.adaptor.EclipseAppLauncher.start(EclipseAppLauncher.java:79)
	at org.eclipse.core.runtime.adaptor.EclipseStarter.run(EclipseStarter.java:354)
	at org.eclipse.core.runtime.adaptor.EclipseStarter.run(EclipseStarter.java:181)
	at sun.reflect.NativeMethodAccessorImpl.invoke0(Native Method)
	at sun.reflect.NativeMethodAccessorImpl.invoke(NativeMethodAccessorImpl.java:57)
	at sun.reflect.DelegatingMethodAccessorImpl.invoke(DelegatingMethodAccessorImpl.java:43)
	at java.lang.reflect.Method.invoke(Method.java:606)
	at org.eclipse.equinox.launcher.Main.invokeFramework(Main.java:636)
	at org.eclipse.equinox.launcher.Main.basicRun(Main.java:591)
	at org.eclipse.equinox.launcher.Main.run(Main.java:1450)
Caused by: NoViableAltException(100@[])
	at apex.parser.gen.ApexParser.parseWhereColumnExpr(ApexParser.java:25043)
	at apex.parser.gen.ApexParser.parseSelectColumnExpr(ApexParser.java:24950)
	at apex.parser.gen.ApexParser.parseSelectField(ApexParser.java:20071)
	at apex.parser.gen.ApexParser.parseSelect(ApexParser.java:19470)
	at apex.parser.gen.ApexParser.innerParseQuery(ApexParser.java:19028)
	at apex.parser.gen.ApexParser.parseQuery(ApexParser.java:18956)
	at apex.parser.gen.ApexParser.primary(ApexParser.java:16063)
	at apex.parser.gen.ApexParser.unaryExpr(ApexParser.java:14111)
	at apex.parser.gen.ApexParser.multDivExpr(ApexParser.java:13882)
	at apex.parser.gen.ApexParser.addSubExpr(ApexParser.java:13800)
	at apex.parser.gen.ApexParser.shiftExpr(ApexParser.java:13705)
	at apex.parser.gen.ApexParser.comparisonExpr(ApexParser.java:13581)
	at apex.parser.gen.ApexParser.bitwiseExpr(ApexParser.java:13506)
	at apex.parser.gen.ApexParser.andExpr(ApexParser.java:13430)
	at apex.parser.gen.ApexParser.orExpr(ApexParser.java:13358)
	at apex.parser.gen.ApexParser.ternaryExpr(ApexParser.java:13285)
	at apex.parser.gen.ApexParser.assignExpr(ApexParser.java:13212)
	at apex.parser.gen.ApexParser.expression(ApexParser.java:13132)
	at apex.parser.gen.ApexParser.creator(ApexParser.java:16597)
	at apex.parser.gen.ApexParser.newExpr(ApexParser.java:16228)
	at apex.parser.gen.ApexParser.primary(ApexParser.java:16014)
	at apex.parser.gen.ApexParser.unaryExpr(ApexParser.java:14111)
	at apex.parser.gen.ApexParser.multDivExpr(ApexParser.java:13882)
	at apex.parser.gen.ApexParser.addSubExpr(ApexParser.java:13800)
	at apex.parser.gen.ApexParser.shiftExpr(ApexParser.java:13705)
	at apex.parser.gen.ApexParser.comparisonExpr(ApexParser.java:13581)
	at apex.parser.gen.ApexParser.bitwiseExpr(ApexParser.java:13506)
	at apex.parser.gen.ApexParser.andExpr(ApexParser.java:13430)
	at apex.parser.gen.ApexParser.orExpr(ApexParser.java:13358)
	at apex.parser.gen.ApexParser.ternaryExpr(ApexParser.java:13285)
	at apex.parser.gen.ApexParser.assignExpr(ApexParser.java:13212)
	at apex.parser.gen.ApexParser.expression(ApexParser.java:13132)
	at apex.parser.gen.ApexParser.variableDeclarator(ApexParser.java:7483)
	at apex.parser.gen.ApexParser.variableDeclarators(ApexParser.java:7389)
	at apex.parser.gen.ApexParser.localVariableDeclaration(ApexParser.java:1918)
	at apex.parser.gen.ApexParser.localVariableDeclarationStatement(ApexParser.java:1862)
	at apex.parser.gen.ApexParser.blockStatement(ApexParser.java:1809)
	at apex.parser.gen.ApexParser.block(ApexParser.java:1756)
	at apex.parser.gen.ApexParser.methodDeclaratorRest(ApexParser.java:8100)
	at apex.parser.gen.ApexParser.methodDeclaration(ApexParser.java:8030)
	at apex.parser.gen.ApexParser.memberDeclaration(ApexParser.java:5178)
	at apex.parser.gen.ApexParser.memberDecl(ApexParser.java:3664)
	at apex.parser.gen.ApexParser.classBodyDeclaration(ApexParser.java:1242)
	at apex.parser.gen.ApexParser.classDeclaration(ApexParser.java:591)
	at apex.parser.gen.ApexParser.typeDeclaration(ApexParser.java:416)
	at apex.parser.ApexParser.parseClass(ApexParser.java:79)
	... 36 more
 WARN [2016-03-17 20:04:01,792] (ApexReconcilingStrategy.java:handleException:155) - Error occured during reconcile
java.lang.IllegalArgumentException: 19: line breaks not allowed in string literals
	at com.salesforce.ide.ui.editors.apex.outline.AstUtils.removeComments(AstUtils.java:671)
	at com.salesforce.ide.ui.editors.apex.ast.IdeApexParserFactory.newParser(IdeApexParserFactory.java:45)
	at com.salesforce.ide.ui.editors.apex.ApexReconcilingStrategy$1.run(ApexReconcilingStrategy.java:89)
	at org.eclipse.core.runtime.SafeRunner.run(SafeRunner.java:42)
	at com.salesforce.ide.ui.editors.apex.ApexReconcilingStrategy.reconcile(ApexReconcilingStrategy.java:59)
	at com.salesforce.ide.ui.editors.apex.ApexReconcilingStrategy.reconcile(ApexReconcilingStrategy.java:240)
	at org.eclipse.jface.text.reconciler.MonoReconciler.process(MonoReconciler.java:77)
	at com.salesforce.ide.ui.editors.apex.ApexReconciler.process(ApexReconciler.java:288)
	at org.eclipse.jface.text.reconciler.AbstractReconciler$BackgroundThread.run(AbstractReconciler.java:206)
 WARN [2016-03-17 20:04:01,792] (ApexCodeEditor.java:getStatementNear:789) - An error occured while parsing the AST, the last cached version of the AST is being used
java.lang.IllegalArgumentException: 19: line breaks not allowed in string literals
	at com.salesforce.ide.ui.editors.apex.outline.AstUtils.removeComments(AstUtils.java:671)
	at com.salesforce.ide.ui.editors.apex.ast.IdeApexParserFactory.newParser(IdeApexParserFactory.java:45)
	at com.salesforce.ide.ui.editors.apex.ApexCodeEditor.getStatementNear(ApexCodeEditor.java:784)
	at com.salesforce.ide.ui.editors.apex.ApexCodeEditor.getSourceElementAt(ApexCodeEditor.java:745)
	at com.salesforce.ide.ui.editors.apex.ApexCodeEditor.computeHighlightRangeSourceReference(ApexCodeEditor.java:741)
	at com.salesforce.ide.ui.editors.apex.ApexCodeEditor.selectionChanged(ApexCodeEditor.java:605)
	at com.salesforce.ide.ui.editors.apex.AstEditor$1.run(AstEditor.java:45)
	at org.eclipse.swt.widgets.RunnableLock.run(RunnableLock.java:35)
	at org.eclipse.swt.widgets.Synchronizer.runAsyncMessages(Synchronizer.java:135)
	at org.eclipse.swt.widgets.Display.runAsyncMessages(Display.java:4145)
	at org.eclipse.swt.widgets.Display.readAndDispatch(Display.java:3762)
	at org.eclipse.e4.ui.internal.workbench.swt.PartRenderingEngine$9.run(PartRenderingEngine.java:1113)
	at org.eclipse.core.databinding.observable.Realm.runWithDefault(Realm.java:332)
	at org.eclipse.e4.ui.internal.workbench.swt.PartRenderingEngine.run(PartRenderingEngine.java:997)
	at org.eclipse.e4.ui.internal.workbench.E4Workbench.createAndRunUI(E4Workbench.java:138)
	at org.eclipse.ui.internal.Workbench$5.run(Workbench.java:610)
	at org.eclipse.core.databinding.observable.Realm.runWithDefault(Realm.java:332)
	at org.eclipse.ui.internal.Workbench.createAndRunWorkbench(Workbench.java:567)
	at org.eclipse.ui.PlatformUI.createAndRunWorkbench(PlatformUI.java:150)
	at org.eclipse.ui.internal.ide.application.IDEApplication.start(IDEApplication.java:124)
	at org.eclipse.equinox.internal.app.EclipseAppHandle.run(EclipseAppHandle.java:196)
	at org.eclipse.core.runtime.internal.adaptor.EclipseAppLauncher.runApplication(EclipseAppLauncher.java:110)
	at org.eclipse.core.runtime.internal.adaptor.EclipseAppLauncher.start(EclipseAppLauncher.java:79)
	at org.eclipse.core.runtime.adaptor.EclipseStarter.run(EclipseStarter.java:354)
	at org.eclipse.core.runtime.adaptor.EclipseStarter.run(EclipseStarter.java:181)
	at sun.reflect.NativeMethodAccessorImpl.invoke0(Native Method)
	at sun.reflect.NativeMethodAccessorImpl.invoke(NativeMethodAccessorImpl.java:57)
	at sun.reflect.DelegatingMethodAccessorImpl.invoke(DelegatingMethodAccessorImpl.java:43)
	at java.lang.reflect.Method.invoke(Method.java:606)
	at org.eclipse.equinox.launcher.Main.invokeFramework(Main.java:636)
	at org.eclipse.equinox.launcher.Main.basicRun(Main.java:591)
	at org.eclipse.equinox.launcher.Main.run(Main.java:1450)
 WARN [2016-03-17 20:04:02,814] (ApexCodeEditor.java:getStatementNear:789) - An error occured while parsing the AST, the last cached version of the AST is being used
java.lang.IllegalArgumentException: 19: line breaks not allowed in string literals
	at com.salesforce.ide.ui.editors.apex.outline.AstUtils.removeComments(AstUtils.java:671)
	at com.salesforce.ide.ui.editors.apex.ast.IdeApexParserFactory.newParser(IdeApexParserFactory.java:45)
	at com.salesforce.ide.ui.editors.apex.ApexCodeEditor.getStatementNear(ApexCodeEditor.java:784)
	at com.salesforce.ide.ui.editors.apex.ApexCodeEditor.getSourceElementAt(ApexCodeEditor.java:745)
	at com.salesforce.ide.ui.editors.apex.ApexCodeEditor.computeHighlightRangeSourceReference(ApexCodeEditor.java:741)
	at com.salesforce.ide.ui.editors.apex.ApexCodeEditor.selectionChanged(ApexCodeEditor.java:605)
	at com.salesforce.ide.ui.editors.apex.ApexCodeEditor$EditorSelectionChangedListener.selectionChanged(ApexCodeEditor.java:598)
	at org.eclipse.jface.text.TextViewer.firePostSelectionChanged(TextViewer.java:2755)
	at org.eclipse.jface.text.TextViewer.firePostSelectionChanged(TextViewer.java:2703)
	at org.eclipse.jface.text.TextViewer$5.run(TextViewer.java:2682)
	at org.eclipse.swt.widgets.Display.runTimer(Display.java:4271)
	at org.eclipse.swt.widgets.Display.messageProc(Display.java:3358)
	at org.eclipse.swt.internal.win32.OS.DispatchMessageW(Native Method)
	at org.eclipse.swt.internal.win32.OS.DispatchMessage(OS.java:2549)
	at org.eclipse.swt.widgets.Display.readAndDispatch(Display.java:3757)
	at org.eclipse.e4.ui.internal.workbench.swt.PartRenderingEngine$9.run(PartRenderingEngine.java:1113)
	at org.eclipse.core.databinding.observable.Realm.runWithDefault(Realm.java:332)
	at org.eclipse.e4.ui.internal.workbench.swt.PartRenderingEngine.run(PartRenderingEngine.java:997)
	at org.eclipse.e4.ui.internal.workbench.E4Workbench.createAndRunUI(E4Workbench.java:138)
	at org.eclipse.ui.internal.Workbench$5.run(Workbench.java:610)
	at org.eclipse.core.databinding.observable.Realm.runWithDefault(Realm.java:332)
	at org.eclipse.ui.internal.Workbench.createAndRunWorkbench(Workbench.java:567)
	at org.eclipse.ui.PlatformUI.createAndRunWorkbench(PlatformUI.java:150)
	at org.eclipse.ui.internal.ide.application.IDEApplication.start(IDEApplication.java:124)
	at org.eclipse.equinox.internal.app.EclipseAppHandle.run(EclipseAppHandle.java:196)
	at org.eclipse.core.runtime.internal.adaptor.EclipseAppLauncher.runApplication(EclipseAppLauncher.java:110)
	at org.eclipse.core.runtime.internal.adaptor.EclipseAppLauncher.start(EclipseAppLauncher.java:79)
	at org.eclipse.core.runtime.adaptor.EclipseStarter.run(EclipseStarter.java:354)
	at org.eclipse.core.runtime.adaptor.EclipseStarter.run(EclipseStarter.java:181)
	at sun.reflect.NativeMethodAccessorImpl.invoke0(Native Method)
	at sun.reflect.NativeMethodAccessorImpl.invoke(NativeMethodAccessorImpl.java:57)
	at sun.reflect.DelegatingMethodAccessorImpl.invoke(DelegatingMethodAccessorImpl.java:43)
	at java.lang.reflect.Method.invoke(Method.java:606)
	at org.eclipse.equinox.launcher.Main.invokeFramework(Main.java:636)
	at org.eclipse.equinox.launcher.Main.basicRun(Main.java:591)
	at org.eclipse.equinox.launcher.Main.run(Main.java:1450)
 WARN [2016-03-17 20:35:10,007] (ResolveInstVarProposal.java:construct:100) - Core exception happened on Apex class 'void' in project 'TestClasses'
org.eclipse.core.runtime.CoreException: Unable to locate class 'void' in project 'TestClasses'
	at com.salesforce.ide.ui.editors.apex.ast.IdeApexParserFactory.lookupApexClzOrTrigger(IdeApexParserFactory.java:77)
	at com.salesforce.ide.ui.editors.apex.ast.IdeApexParserFactory.newParser(IdeApexParserFactory.java:34)
	at com.salesforce.ide.ui.editors.apex.assistance.proposals.ResolveInstVarProposal.construct(ResolveInstVarProposal.java:88)
	at com.salesforce.ide.ui.editors.apex.assistance.proposals.ProposalAggregator.construct(ProposalAggregator.java:171)
	at com.salesforce.ide.ui.editors.apex.assistance.proposals.ApexCompletionProposalDelegate.construct(ApexCompletionProposalDelegate.java:88)
	at com.salesforce.ide.ui.editors.apex.assistance.ApexCompletionProcessor.computeCompletionProposals(ApexCompletionProcessor.java:93)
	at org.eclipse.jface.text.contentassist.ContentAssistant.computeCompletionProposals(ContentAssistant.java:1839)
	at org.eclipse.jface.text.contentassist.CompletionProposalPopup.computeProposals(CompletionProposalPopup.java:566)
	at org.eclipse.jface.text.contentassist.CompletionProposalPopup.access$16(CompletionProposalPopup.java:563)
	at org.eclipse.jface.text.contentassist.CompletionProposalPopup$2.run(CompletionProposalPopup.java:498)
	at org.eclipse.swt.custom.BusyIndicator.showWhile(BusyIndicator.java:70)
	at org.eclipse.jface.text.contentassist.CompletionProposalPopup.showProposals(CompletionProposalPopup.java:492)
	at org.eclipse.jface.text.contentassist.ContentAssistant$2.run(ContentAssistant.java:378)
	at org.eclipse.swt.widgets.RunnableLock.run(RunnableLock.java:35)
	at org.eclipse.swt.widgets.Synchronizer.runAsyncMessages(Synchronizer.java:135)
	at org.eclipse.swt.widgets.Display.runAsyncMessages(Display.java:4145)
	at org.eclipse.swt.widgets.Display.readAndDispatch(Display.java:3762)
	at org.eclipse.e4.ui.internal.workbench.swt.PartRenderingEngine$9.run(PartRenderingEngine.java:1113)
	at org.eclipse.core.databinding.observable.Realm.runWithDefault(Realm.java:332)
	at org.eclipse.e4.ui.internal.workbench.swt.PartRenderingEngine.run(PartRenderingEngine.java:997)
	at org.eclipse.e4.ui.internal.workbench.E4Workbench.createAndRunUI(E4Workbench.java:138)
	at org.eclipse.ui.internal.Workbench$5.run(Workbench.java:610)
	at org.eclipse.core.databinding.observable.Realm.runWithDefault(Realm.java:332)
	at org.eclipse.ui.internal.Workbench.createAndRunWorkbench(Workbench.java:567)
	at org.eclipse.ui.PlatformUI.createAndRunWorkbench(PlatformUI.java:150)
	at org.eclipse.ui.internal.ide.application.IDEApplication.start(IDEApplication.java:124)
	at org.eclipse.equinox.internal.app.EclipseAppHandle.run(EclipseAppHandle.java:196)
	at org.eclipse.core.runtime.internal.adaptor.EclipseAppLauncher.runApplication(EclipseAppLauncher.java:110)
	at org.eclipse.core.runtime.internal.adaptor.EclipseAppLauncher.start(EclipseAppLauncher.java:79)
	at org.eclipse.core.runtime.adaptor.EclipseStarter.run(EclipseStarter.java:354)
	at org.eclipse.core.runtime.adaptor.EclipseStarter.run(EclipseStarter.java:181)
	at sun.reflect.NativeMethodAccessorImpl.invoke0(Native Method)
	at sun.reflect.NativeMethodAccessorImpl.invoke(NativeMethodAccessorImpl.java:57)
	at sun.reflect.DelegatingMethodAccessorImpl.invoke(DelegatingMethodAccessorImpl.java:43)
	at java.lang.reflect.Method.invoke(Method.java:606)
	at org.eclipse.equinox.launcher.Main.invokeFramework(Main.java:636)
	at org.eclipse.equinox.launcher.Main.basicRun(Main.java:591)
	at org.eclipse.equinox.launcher.Main.run(Main.java:1450)
 WARN [2016-03-17 20:37:46,622] (ProjectService.java:handleDeployResult:1909) - Save failed!
 WARN [2016-03-17 20:37:46,639] (ProjectService.java:handleRetrieveResult:2085) - Nothing to save to project - retrieve result is empty
 WARN [2016-03-17 20:37:55,262] (ProjectService.java:handleDeployResult:1909) - Save failed!
 WARN [2016-03-17 20:37:55,272] (ProjectService.java:handleRetrieveResult:2085) - Nothing to save to project - retrieve result is empty
 WARN [2016-03-17 20:38:38,632] (ProjectService.java:handleDeployResult:1909) - Save failed!
 WARN [2016-03-17 20:38:38,642] (ProjectService.java:handleRetrieveResult:2085) - Nothing to save to project - retrieve result is empty
 WARN [2016-03-17 20:39:01,426] (ProjectService.java:handleDeployResult:1909) - Save failed!
 WARN [2016-03-17 20:39:01,436] (ProjectService.java:handleRetrieveResult:2085) - Nothing to save to project - retrieve result is empty
 WARN [2016-03-17 20:39:27,453] (ProjectService.java:handleDeployResult:1909) - Save failed!
 WARN [2016-03-17 20:39:27,463] (ProjectService.java:handleRetrieveResult:2085) - Nothing to save to project - retrieve result is empty
 WARN [2016-03-17 20:39:44,511] (ProjectService.java:handleDeployResult:1909) - Save failed!
 WARN [2016-03-17 20:39:44,521] (ProjectService.java:handleRetrieveResult:2085) - Nothing to save to project - retrieve result is empty
 WARN [2016-03-18 00:00:27,818] (ConnectionFactory.java:clearCache:212) - Clearing the following cached connections
 WARN [2016-03-18 00:00:27,898] (DescribeObjectRegistry.java:clearCache:657) - Clearing cached describes
 WARN [2016-03-18 00:00:27,908] (MetadataFactory.java:clearCache:123) - Clearing the following cached metadata stubs
 WARN [2016-03-18 13:05:45,112] (ConnectionFactory.java:clearCache:212) - Clearing the following cached connections
 WARN [2016-03-18 13:05:45,157] (DescribeObjectRegistry.java:clearCache:657) - Clearing cached describes
 WARN [2016-03-18 13:05:45,164] (MetadataFactory.java:clearCache:120) - No cached metadata stubs
 WARN [2016-03-18 21:28:51,960] (ConnectionFactory.java:clearCache:212) - Clearing the following cached connections
 WARN [2016-03-18 21:28:51,980] (DescribeObjectRegistry.java:clearCache:657) - Clearing cached describes
 WARN [2016-03-18 21:28:51,980] (MetadataFactory.java:clearCache:120) - No cached metadata stubs
 WARN [2016-03-21 20:26:16,404] (ConnectionFactory.java:clearCache:212) - Clearing the following cached connections
 WARN [2016-03-21 20:26:16,564] (DescribeObjectRegistry.java:clearCache:657) - Clearing cached describes
 WARN [2016-03-21 20:26:16,570] (MetadataFactory.java:clearCache:120) - No cached metadata stubs
 WARN [2016-03-22 20:26:45,480] (ConnectionFactory.java:clearCache:212) - Clearing the following cached connections
 WARN [2016-03-22 20:26:45,587] (DescribeObjectRegistry.java:clearCache:657) - Clearing cached describes
 WARN [2016-03-22 20:26:45,601] (MetadataFactory.java:clearCache:120) - No cached metadata stubs
 WARN [2016-03-22 23:08:28,935] (ConnectionFactory.java:clearCache:212) - Clearing the following cached connections
 WARN [2016-03-22 23:08:28,945] (DescribeObjectRegistry.java:clearCache:657) - Clearing cached describes
 WARN [2016-03-22 23:08:28,945] (MetadataFactory.java:clearCache:120) - No cached metadata stubs
 WARN [2016-03-23 10:19:40,365] (ComponentFactory.java:getComponentBean:1145) - Unable to get component for id 'ExternalDataSource': Unable to get bean for id 'ExternalDataSource'
 WARN [2016-03-23 10:19:40,411] (ComponentFactory.java:getComponentBean:1145) - Unable to get component for id 'FlexiPage': Unable to get bean for id 'FlexiPage'
 WARN [2016-03-23 10:19:40,458] (ComponentFactory.java:getComponentBean:1145) - Unable to get component for id 'SynonymDictionary': Unable to get bean for id 'SynonymDictionary'
 WARN [2016-03-23 10:19:41,664] (ComponentFactory.java:getComponentBean:1145) - Unable to get component for id 'ExternalDataSource': Unable to get bean for id 'ExternalDataSource'
 WARN [2016-03-23 10:19:41,680] (ComponentFactory.java:getComponentBean:1145) - Unable to get component for id 'FlexiPage': Unable to get bean for id 'FlexiPage'
 WARN [2016-03-23 10:19:41,696] (ComponentFactory.java:getComponentBean:1145) - Unable to get component for id 'SynonymDictionary': Unable to get bean for id 'SynonymDictionary'
 WARN [2016-03-23 10:19:55,793] (Utils.java:loadDocument:823) - Unable to load document: D:\workspace\.metadata\.plugins\com.salesforce.ide.core\packageCache.xml (The system cannot find the file specified)
 WARN [2016-03-23 10:19:57,074] (ComponentFactory.java:getComponentBean:1145) - Unable to get component for id 'ExternalDataSource': Unable to get bean for id 'ExternalDataSource'
 WARN [2016-03-23 10:19:57,074] (ComponentFactory.java:getComponentBean:1145) - Unable to get component for id 'FlexiPage': Unable to get bean for id 'FlexiPage'
 WARN [2016-03-23 10:19:57,089] (ComponentFactory.java:getComponentBean:1145) - Unable to get component for id 'SynonymDictionary': Unable to get bean for id 'SynonymDictionary'
 WARN [2016-03-23 10:19:58,899] (ComponentFactory.java:getComponentBean:1145) - Unable to get component for id 'ExternalDataSource': Unable to get bean for id 'ExternalDataSource'
 WARN [2016-03-23 10:19:58,899] (ComponentFactory.java:getComponentBean:1145) - Unable to get component for id 'FlexiPage': Unable to get bean for id 'FlexiPage'
 WARN [2016-03-23 10:19:58,930] (ComponentFactory.java:getComponentBean:1145) - Unable to get component for id 'SynonymDictionary': Unable to get bean for id 'SynonymDictionary'
 WARN [2016-03-23 10:20:00,131] (ComponentFactory.java:getComponentBean:1145) - Unable to get component for id 'ExternalDataSource': Unable to get bean for id 'ExternalDataSource'
 WARN [2016-03-23 10:20:00,147] (ComponentFactory.java:getComponentBean:1145) - Unable to get component for id 'FlexiPage': Unable to get bean for id 'FlexiPage'
 WARN [2016-03-23 10:20:00,147] (ComponentFactory.java:getComponentBean:1145) - Unable to get component for id 'SynonymDictionary': Unable to get bean for id 'SynonymDictionary'
 WARN [2016-03-23 10:20:01,865] (ComponentFactory.java:getComponentBean:1145) - Unable to get component for id 'ExternalDataSource': Unable to get bean for id 'ExternalDataSource'
 WARN [2016-03-23 10:20:01,865] (ComponentFactory.java:getComponentBean:1145) - Unable to get component for id 'FlexiPage': Unable to get bean for id 'FlexiPage'
 WARN [2016-03-23 10:20:01,881] (ComponentFactory.java:getComponentBean:1145) - Unable to get component for id 'SynonymDictionary': Unable to get bean for id 'SynonymDictionary'
 WARN [2016-03-23 10:20:03,628] (ComponentFactory.java:getComponentBean:1145) - Unable to get component for id 'ExternalDataSource': Unable to get bean for id 'ExternalDataSource'
 WARN [2016-03-23 10:20:03,643] (ComponentFactory.java:getComponentBean:1145) - Unable to get component for id 'FlexiPage': Unable to get bean for id 'FlexiPage'
 WARN [2016-03-23 10:20:03,659] (ComponentFactory.java:getComponentBean:1145) - Unable to get component for id 'SynonymDictionary': Unable to get bean for id 'SynonymDictionary'
 WARN [2016-03-23 10:20:21,468] (ComponentFactory.java:getComponentBean:1145) - Unable to get component for id 'BusinessProcess': Unable to get bean for id 'BusinessProcess'
 WARN [2016-03-23 10:20:21,546] (ComponentFactory.java:getComponentBean:1145) - Unable to get component for id 'CompactLayout': Unable to get bean for id 'CompactLayout'
 WARN [2016-03-23 10:20:21,546] (ComponentFactory.java:getComponentBean:1145) - Unable to get component for id 'CustomField': Unable to get bean for id 'CustomField'
 WARN [2016-03-23 10:20:21,546] (ComponentFactory.java:getComponentBean:1145) - Unable to get component for id 'CustomLabel': Unable to get bean for id 'CustomLabel'
 WARN [2016-03-23 10:20:22,016] (ComponentFactory.java:getComponentBean:1145) - Unable to get component for id 'ExternalDataSource': Unable to get bean for id 'ExternalDataSource'
 WARN [2016-03-23 10:20:22,032] (ComponentFactory.java:getComponentBean:1145) - Unable to get component for id 'FlexiPage': Unable to get bean for id 'FlexiPage'
 WARN [2016-03-23 10:20:22,048] (ComponentFactory.java:getComponentBean:1145) - Unable to get component for id 'SynonymDictionary': Unable to get bean for id 'SynonymDictionary'
 WARN [2016-03-23 10:20:22,656] (ComponentFactory.java:getComponentBean:1145) - Unable to get component for id 'ExternalDataSource': Unable to get bean for id 'ExternalDataSource'
 WARN [2016-03-23 10:20:22,672] (ComponentFactory.java:getComponentBean:1145) - Unable to get component for id 'FlexiPage': Unable to get bean for id 'FlexiPage'
 WARN [2016-03-23 10:20:22,672] (ComponentFactory.java:getComponentBean:1145) - Unable to get component for id 'SynonymDictionary': Unable to get bean for id 'SynonymDictionary'
 WARN [2016-03-23 10:20:23,342] (ComponentFactory.java:getComponentBean:1145) - Unable to get component for id 'ExternalDataSource': Unable to get bean for id 'ExternalDataSource'
 WARN [2016-03-23 10:20:23,342] (ComponentFactory.java:getComponentBean:1145) - Unable to get component for id 'FlexiPage': Unable to get bean for id 'FlexiPage'
 WARN [2016-03-23 10:20:23,374] (ComponentFactory.java:getComponentBean:1145) - Unable to get component for id 'SynonymDictionary': Unable to get bean for id 'SynonymDictionary'
 WARN [2016-03-23 10:20:23,859] (ComponentFactory.java:getComponentBean:1145) - Unable to get component for id 'ExternalDataSource': Unable to get bean for id 'ExternalDataSource'
 WARN [2016-03-23 10:20:23,859] (ComponentFactory.java:getComponentBean:1145) - Unable to get component for id 'FieldSet': Unable to get bean for id 'FieldSet'
 WARN [2016-03-23 10:20:23,875] (ComponentFactory.java:getComponentBean:1145) - Unable to get component for id 'FlexiPage': Unable to get bean for id 'FlexiPage'
 WARN [2016-03-23 10:20:23,875] (ComponentFactory.java:getComponentBean:1145) - Unable to get component for id 'ListView': Unable to get bean for id 'ListView'
 WARN [2016-03-23 10:20:23,890] (ComponentFactory.java:getComponentBean:1145) - Unable to get component for id 'NamedFilter': Unable to get bean for id 'NamedFilter'
 WARN [2016-03-23 10:20:23,906] (ComponentFactory.java:getComponentBean:1145) - Unable to get component for id 'RecordType': Unable to get bean for id 'RecordType'
 WARN [2016-03-23 10:20:24,358] (ComponentFactory.java:getComponentBean:1145) - Unable to get component for id 'ExternalDataSource': Unable to get bean for id 'ExternalDataSource'
 WARN [2016-03-23 10:20:24,375] (ComponentFactory.java:getComponentBean:1145) - Unable to get component for id 'FlexiPage': Unable to get bean for id 'FlexiPage'
 WARN [2016-03-23 10:20:24,377] (ComponentFactory.java:getComponentBean:1145) - Unable to get component for id 'SynonymDictionary': Unable to get bean for id 'SynonymDictionary'
 WARN [2016-03-23 10:20:24,845] (ComponentFactory.java:getComponentBean:1145) - Unable to get component for id 'SharingReason': Unable to get bean for id 'SharingReason'
 WARN [2016-03-23 10:20:24,861] (ComponentFactory.java:getComponentBean:1145) - Unable to get component for id 'ValidationRule': Unable to get bean for id 'ValidationRule'
 WARN [2016-03-23 10:20:24,861] (ComponentFactory.java:getComponentBean:1145) - Unable to get component for id 'WebLink': Unable to get bean for id 'WebLink'
 WARN [2016-03-23 10:20:24,861] (ComponentFactory.java:getComponentBean:1145) - Unable to get component for id 'WorkflowAlert': Unable to get bean for id 'WorkflowAlert'
 WARN [2016-03-23 10:20:24,876] (ComponentFactory.java:getComponentBean:1145) - Unable to get component for id 'WorkflowFieldUpdate': Unable to get bean for id 'WorkflowFieldUpdate'
 WARN [2016-03-23 10:20:24,876] (ComponentFactory.java:getComponentBean:1145) - Unable to get component for id 'WorkflowKnowledgePublish': Unable to get bean for id 'WorkflowKnowledgePublish'
 WARN [2016-03-23 10:20:24,876] (ComponentFactory.java:getComponentBean:1145) - Unable to get component for id 'WorkflowOutboundMessage': Unable to get bean for id 'WorkflowOutboundMessage'
 WARN [2016-03-23 10:20:24,892] (ComponentFactory.java:getComponentBean:1145) - Unable to get component for id 'WorkflowRule': Unable to get bean for id 'WorkflowRule'
 WARN [2016-03-23 10:20:24,892] (ComponentFactory.java:getComponentBean:1145) - Unable to get component for id 'WorkflowSend': Unable to get bean for id 'WorkflowSend'
 WARN [2016-03-23 10:20:24,892] (ComponentFactory.java:getComponentBean:1145) - Unable to get component for id 'WorkflowTask': Unable to get bean for id 'WorkflowTask'
 WARN [2016-03-23 10:20:25,391] (ComponentFactory.java:getComponentBean:1145) - Unable to get component for id 'ExternalDataSource': Unable to get bean for id 'ExternalDataSource'
 WARN [2016-03-23 10:20:25,407] (ComponentFactory.java:getComponentBean:1145) - Unable to get component for id 'FlexiPage': Unable to get bean for id 'FlexiPage'
 WARN [2016-03-23 10:21:48,432] (ProjectController.java:handleRetrieveResults:727) - Failed to retrieve: 'Salesforce Connected Apps/package.xml': Metadata API received improper input. Please ensure file name and capitalization is correct. Load of metadata from db failed for metadata of type:ConnectedApp and file name:Salesforce_Touch.
 WARN [2016-03-23 10:21:48,432] (ProjectController.java:handleRetrieveResults:727) - Failed to retrieve: 'Salesforce Connected Apps/package.xml': Metadata API received improper input. Please ensure file name and capitalization is correct. Load of metadata from db failed for metadata of type:ConnectedApp and file name:Salesforce_Mobile_Dashboards.
 WARN [2016-03-23 10:21:48,447] (ProjectController.java:handleRetrieveResults:727) - Failed to retrieve: 'Salesforce Connected Apps/package.xml': Metadata API received improper input. Please ensure file name and capitalization is correct. Load of metadata from db failed for metadata of type:ConnectedApp and file name:Forcecom_Migration_Tool.
 WARN [2016-03-23 10:21:48,447] (ProjectController.java:handleRetrieveResults:727) - Failed to retrieve: 'Salesforce Connected Apps/package.xml': Metadata API received improper input. Please ensure file name and capitalization is correct. Load of metadata from db failed for metadata of type:ConnectedApp and file name:Forcecom_IDE.
 WARN [2016-03-23 10:21:48,447] (ProjectController.java:handleRetrieveResults:727) - Failed to retrieve: 'Salesforce Connected Apps/package.xml': Metadata API received improper input. Please ensure file name and capitalization is correct. Load of metadata from db failed for metadata of type:ConnectedApp and file name:Dataloader_Partner.
 WARN [2016-03-23 10:21:48,447] (ProjectController.java:handleRetrieveResults:727) - Failed to retrieve: 'Salesforce Connected Apps/package.xml': Metadata API received improper input. Please ensure file name and capitalization is correct. Load of metadata from db failed for metadata of type:ConnectedApp and file name:Dataloader_Bulk.
 WARN [2016-03-23 10:21:48,463] (ProjectController.java:handleRetrieveResults:727) - Failed to retrieve: 'Salesforce Connected Apps/package.xml': Metadata API received improper input. Please ensure file name and capitalization is correct. Load of metadata from db failed for metadata of type:ConnectedApp and file name:Workbench.
 WARN [2016-03-23 10:21:48,463] (ProjectController.java:handleRetrieveResults:727) - Failed to retrieve: 'Salesforce Connected Apps/package.xml': Metadata API received improper input. Please ensure file name and capitalization is correct. Load of metadata from db failed for metadata of type:ConnectedApp and file name:Salesforce_for_Outlook.
 WARN [2016-03-23 10:21:48,494] (ComponentFactory.java:getComponentByFilePath:613) - No id found for filepath 'modules/dataloader_io2_oauth_c4s/Canvases/dataloader_io2_oauth_c4sCanvas.Canvas', tagging as component of type 'Unknown'
 WARN [2016-03-23 10:21:48,510] (ComponentFactory.java:getComponentByFilePath:613) - No id found for filepath 'modules/dataloader_io2_oauth_c4s/modules/mule__dataloader_io2_oauth_c4s', tagging as component of type 'Unknown'
 WARN [2016-03-23 10:21:48,510] (ComponentFactory.java:getComponentByFilePath:613) - No id found for filepath 'modules/Dataloader_Bulk_oauth/ConnectivityDevConfigs/Dataloader_Bulk_oauth_devConfig.ConnectivityDevConfig', tagging as component of type 'Unknown'
 WARN [2016-03-23 10:21:48,525] (ComponentFactory.java:getComponentByFilePath:613) - No id found for filepath 'modules/Dataloader_Bulk_oauth/modules/sf_com_apps__Dataloader_Bulk_oauth', tagging as component of type 'Unknown'
 WARN [2016-03-23 10:21:48,525] (ComponentFactory.java:getComponentByFilePath:613) - No id found for filepath 'applicationManifests/Dataloader_Bulk', tagging as component of type 'Unknown'
 WARN [2016-03-23 10:21:48,525] (ComponentFactory.java:getComponentByFilePath:613) - No id found for filepath 'modules/Dataloader_P5r_oauth/ConnectivityDevConfigs/Dataloader_P5r_oauth_devConfig.ConnectivityDevConfig', tagging as component of type 'Unknown'
 WARN [2016-03-23 10:21:48,541] (ComponentFactory.java:getComponentByFilePath:613) - No id found for filepath 'modules/Dataloader_P5r_oauth/modules/sf_com_apps__Dataloader_P5r_oauth', tagging as component of type 'Unknown'
 WARN [2016-03-23 10:21:48,541] (ComponentFactory.java:getComponentByFilePath:613) - No id found for filepath 'applicationManifests/Dataloader_Partner', tagging as component of type 'Unknown'
 WARN [2016-03-23 10:21:48,541] (ComponentFactory.java:getComponentByFilePath:613) - No id found for filepath 'modules/Forcecom_IDE_oauth/ConnectivityDevConfigs/Forcecom_IDE_oauth_devConfig.ConnectivityDevConfig', tagging as component of type 'Unknown'
 WARN [2016-03-23 10:21:48,557] (ComponentFactory.java:getComponentByFilePath:613) - No id found for filepath 'modules/Forcecom_IDE_oauth/modules/sf_com_apps__Forcecom_IDE_oauth', tagging as component of type 'Unknown'
 WARN [2016-03-23 10:21:48,557] (ComponentFactory.java:getComponentByFilePath:613) - No id found for filepath 'applicationManifests/Forcecom_IDE', tagging as component of type 'Unknown'
 WARN [2016-03-23 10:21:48,557] (ComponentFactory.java:getComponentByFilePath:613) - No id found for filepath 'modules/Forcecom_Migration_Tool_oauth/ConnectivityDevConfigs/Forcecom_Migration_Tool_oauth_devConfig.ConnectivityDevConfig', tagging as component of type 'Unknown'
 WARN [2016-03-23 10:21:48,572] (ComponentFactory.java:getComponentByFilePath:613) - No id found for filepath 'modules/Forcecom_Migration_Tool_oauth/modules/sf_com_apps__Forcecom_Migration_Tool_oauth', tagging as component of type 'Unknown'
 WARN [2016-03-23 10:21:48,572] (ComponentFactory.java:getComponentByFilePath:613) - No id found for filepath 'applicationManifests/Forcecom_Migration_Tool', tagging as component of type 'Unknown'
 WARN [2016-03-23 10:21:48,572] (ComponentFactory.java:getComponentByFilePath:613) - No id found for filepath 'modules/S8e_M4e_Dashboards_oauth/ConnectivityDevConfigs/S8e_M4e_Dashboards_oauth_devConfig.ConnectivityDevConfig', tagging as component of type 'Unknown'
 WARN [2016-03-23 10:21:48,588] (ComponentFactory.java:getComponentByFilePath:613) - No id found for filepath 'modules/S8e_M4e_Dashboards_oauth/modules/sf_com_apps__S8e_M4e_Dashboards_oauth', tagging as component of type 'Unknown'
 WARN [2016-03-23 10:21:48,588] (ComponentFactory.java:getComponentByFilePath:613) - No id found for filepath 'applicationManifests/Salesforce_Mobile_Dashboards', tagging as component of type 'Unknown'
 WARN [2016-03-23 10:21:48,588] (ComponentFactory.java:getComponentByFilePath:613) - No id found for filepath 'modules/S8e_T3h_oauth/ConnectivityDevConfigs/S8e_T3h_oauth_devConfig.ConnectivityDevConfig', tagging as component of type 'Unknown'
 WARN [2016-03-23 10:21:48,603] (ComponentFactory.java:getComponentByFilePath:613) - No id found for filepath 'modules/S8e_T3h_oauth/modules/sf_com_apps__S8e_T3h_oauth', tagging as component of type 'Unknown'
 WARN [2016-03-23 10:21:48,603] (ComponentFactory.java:getComponentByFilePath:613) - No id found for filepath 'applicationManifests/Salesforce_Touch', tagging as component of type 'Unknown'
 WARN [2016-03-23 10:21:48,619] (ComponentFactory.java:getComponentByFilePath:613) - No id found for filepath 'modules/S8e_for_Outlook_oauth/ConnectivityDevConfigs/S8e_for_Outlook_oauth_devConfig.ConnectivityDevConfig', tagging as component of type 'Unknown'
 WARN [2016-03-23 10:21:48,619] (ComponentFactory.java:getComponentByFilePath:613) - No id found for filepath 'modules/S8e_for_Outlook_oauth/modules/sf_com_apps__S8e_for_Outlook_oauth', tagging as component of type 'Unknown'
 WARN [2016-03-23 10:21:48,619] (ComponentFactory.java:getComponentByFilePath:613) - No id found for filepath 'applicationManifests/Salesforce_for_Outlook', tagging as component of type 'Unknown'
 WARN [2016-03-23 10:21:48,635] (ComponentFactory.java:getComponentByFilePath:613) - No id found for filepath 'modules/Workbench_oauth/ConnectivityDevConfigs/Workbench_oauth_devConfig.ConnectivityDevConfig', tagging as component of type 'Unknown'
 WARN [2016-03-23 10:21:48,635] (ComponentFactory.java:getComponentByFilePath:613) - No id found for filepath 'modules/Workbench_oauth/modules/sf_com_apps__Workbench_oauth', tagging as component of type 'Unknown'
 WARN [2016-03-23 10:21:48,635] (ComponentFactory.java:getComponentByFilePath:613) - No id found for filepath 'applicationManifests/Workbench', tagging as component of type 'Unknown'
ERROR [2016-03-23 10:21:48,650] (ProjectPackageList.java:generateComponents:473) - Filepath-zip mapping is null or empty for package 'Salesforce Connected Apps' [0A3280000009krRCAQ] - skipping component generation
 WARN [2016-03-23 10:21:51,287] (ProjectPackageList.java:saveResources:1153) - Component list in project package 'Salesforce Connected Apps' is empty.  No resources to save.
 WARN [2016-03-23 10:28:29,567] (ApexReconcilingStrategy.java:handleException:155) - Error occured during reconcile
java.lang.IllegalArgumentException: 8: line breaks not allowed in string literals
	at com.salesforce.ide.ui.editors.apex.outline.AstUtils.removeComments(AstUtils.java:671)
	at com.salesforce.ide.ui.editors.apex.ast.IdeApexParserFactory.newParser(IdeApexParserFactory.java:45)
	at com.salesforce.ide.ui.editors.apex.ApexReconcilingStrategy$1.run(ApexReconcilingStrategy.java:89)
	at org.eclipse.core.runtime.SafeRunner.run(SafeRunner.java:42)
	at com.salesforce.ide.ui.editors.apex.ApexReconcilingStrategy.reconcile(ApexReconcilingStrategy.java:59)
	at com.salesforce.ide.ui.editors.apex.ApexReconcilingStrategy.reconcile(ApexReconcilingStrategy.java:240)
	at org.eclipse.jface.text.reconciler.MonoReconciler.process(MonoReconciler.java:77)
	at com.salesforce.ide.ui.editors.apex.ApexReconciler.process(ApexReconciler.java:288)
	at org.eclipse.jface.text.reconciler.AbstractReconciler$BackgroundThread.run(AbstractReconciler.java:206)
 WARN [2016-03-23 10:28:29,587] (ApexCodeEditor.java:getStatementNear:789) - An error occured while parsing the AST, the last cached version of the AST is being used
java.lang.IllegalArgumentException: 8: line breaks not allowed in string literals
	at com.salesforce.ide.ui.editors.apex.outline.AstUtils.removeComments(AstUtils.java:671)
	at com.salesforce.ide.ui.editors.apex.ast.IdeApexParserFactory.newParser(IdeApexParserFactory.java:45)
	at com.salesforce.ide.ui.editors.apex.ApexCodeEditor.getStatementNear(ApexCodeEditor.java:784)
	at com.salesforce.ide.ui.editors.apex.ApexCodeEditor.getSourceElementAt(ApexCodeEditor.java:745)
	at com.salesforce.ide.ui.editors.apex.ApexCodeEditor.computeHighlightRangeSourceReference(ApexCodeEditor.java:741)
	at com.salesforce.ide.ui.editors.apex.ApexCodeEditor.selectionChanged(ApexCodeEditor.java:605)
	at com.salesforce.ide.ui.editors.apex.AstEditor$1.run(AstEditor.java:45)
	at org.eclipse.swt.widgets.RunnableLock.run(RunnableLock.java:35)
	at org.eclipse.swt.widgets.Synchronizer.runAsyncMessages(Synchronizer.java:135)
	at org.eclipse.swt.widgets.Display.runAsyncMessages(Display.java:4145)
	at org.eclipse.swt.widgets.Display.readAndDispatch(Display.java:3762)
	at org.eclipse.e4.ui.internal.workbench.swt.PartRenderingEngine$9.run(PartRenderingEngine.java:1113)
	at org.eclipse.core.databinding.observable.Realm.runWithDefault(Realm.java:332)
	at org.eclipse.e4.ui.internal.workbench.swt.PartRenderingEngine.run(PartRenderingEngine.java:997)
	at org.eclipse.e4.ui.internal.workbench.E4Workbench.createAndRunUI(E4Workbench.java:138)
	at org.eclipse.ui.internal.Workbench$5.run(Workbench.java:610)
	at org.eclipse.core.databinding.observable.Realm.runWithDefault(Realm.java:332)
	at org.eclipse.ui.internal.Workbench.createAndRunWorkbench(Workbench.java:567)
	at org.eclipse.ui.PlatformUI.createAndRunWorkbench(PlatformUI.java:150)
	at org.eclipse.ui.internal.ide.application.IDEApplication.start(IDEApplication.java:124)
	at org.eclipse.equinox.internal.app.EclipseAppHandle.run(EclipseAppHandle.java:196)
	at org.eclipse.core.runtime.internal.adaptor.EclipseAppLauncher.runApplication(EclipseAppLauncher.java:110)
	at org.eclipse.core.runtime.internal.adaptor.EclipseAppLauncher.start(EclipseAppLauncher.java:79)
	at org.eclipse.core.runtime.adaptor.EclipseStarter.run(EclipseStarter.java:354)
	at org.eclipse.core.runtime.adaptor.EclipseStarter.run(EclipseStarter.java:181)
	at sun.reflect.NativeMethodAccessorImpl.invoke0(Native Method)
	at sun.reflect.NativeMethodAccessorImpl.invoke(NativeMethodAccessorImpl.java:57)
	at sun.reflect.DelegatingMethodAccessorImpl.invoke(DelegatingMethodAccessorImpl.java:43)
	at java.lang.reflect.Method.invoke(Method.java:606)
	at org.eclipse.equinox.launcher.Main.invokeFramework(Main.java:636)
	at org.eclipse.equinox.launcher.Main.basicRun(Main.java:591)
	at org.eclipse.equinox.launcher.Main.run(Main.java:1450)
 WARN [2016-03-23 10:28:29,647] (ApexCodeEditor.java:getStatementNear:789) - An error occured while parsing the AST, the last cached version of the AST is being used
java.lang.IllegalArgumentException: 8: line breaks not allowed in string literals
	at com.salesforce.ide.ui.editors.apex.outline.AstUtils.removeComments(AstUtils.java:671)
	at com.salesforce.ide.ui.editors.apex.ast.IdeApexParserFactory.newParser(IdeApexParserFactory.java:45)
	at com.salesforce.ide.ui.editors.apex.ApexCodeEditor.getStatementNear(ApexCodeEditor.java:784)
	at com.salesforce.ide.ui.editors.apex.ApexCodeEditor.getSourceElementAt(ApexCodeEditor.java:745)
	at com.salesforce.ide.ui.editors.apex.ApexCodeEditor.computeHighlightRangeSourceReference(ApexCodeEditor.java:741)
	at com.salesforce.ide.ui.editors.apex.ApexCodeEditor.selectionChanged(ApexCodeEditor.java:605)
	at com.salesforce.ide.ui.editors.apex.ApexCodeEditor$EditorSelectionChangedListener.selectionChanged(ApexCodeEditor.java:598)
	at org.eclipse.jface.text.TextViewer.firePostSelectionChanged(TextViewer.java:2755)
	at org.eclipse.jface.text.TextViewer.firePostSelectionChanged(TextViewer.java:2703)
	at org.eclipse.jface.text.TextViewer$5.run(TextViewer.java:2682)
	at org.eclipse.swt.widgets.Display.runTimer(Display.java:4271)
	at org.eclipse.swt.widgets.Display.messageProc(Display.java:3358)
	at org.eclipse.swt.internal.win32.OS.DispatchMessageW(Native Method)
	at org.eclipse.swt.internal.win32.OS.DispatchMessage(OS.java:2549)
	at org.eclipse.swt.widgets.Display.readAndDispatch(Display.java:3757)
	at org.eclipse.e4.ui.internal.workbench.swt.PartRenderingEngine$9.run(PartRenderingEngine.java:1113)
	at org.eclipse.core.databinding.observable.Realm.runWithDefault(Realm.java:332)
	at org.eclipse.e4.ui.internal.workbench.swt.PartRenderingEngine.run(PartRenderingEngine.java:997)
	at org.eclipse.e4.ui.internal.workbench.E4Workbench.createAndRunUI(E4Workbench.java:138)
	at org.eclipse.ui.internal.Workbench$5.run(Workbench.java:610)
	at org.eclipse.core.databinding.observable.Realm.runWithDefault(Realm.java:332)
	at org.eclipse.ui.internal.Workbench.createAndRunWorkbench(Workbench.java:567)
	at org.eclipse.ui.PlatformUI.createAndRunWorkbench(PlatformUI.java:150)
	at org.eclipse.ui.internal.ide.application.IDEApplication.start(IDEApplication.java:124)
	at org.eclipse.equinox.internal.app.EclipseAppHandle.run(EclipseAppHandle.java:196)
	at org.eclipse.core.runtime.internal.adaptor.EclipseAppLauncher.runApplication(EclipseAppLauncher.java:110)
	at org.eclipse.core.runtime.internal.adaptor.EclipseAppLauncher.start(EclipseAppLauncher.java:79)
	at org.eclipse.core.runtime.adaptor.EclipseStarter.run(EclipseStarter.java:354)
	at org.eclipse.core.runtime.adaptor.EclipseStarter.run(EclipseStarter.java:181)
	at sun.reflect.NativeMethodAccessorImpl.invoke0(Native Method)
	at sun.reflect.NativeMethodAccessorImpl.invoke(NativeMethodAccessorImpl.java:57)
	at sun.reflect.DelegatingMethodAccessorImpl.invoke(DelegatingMethodAccessorImpl.java:43)
	at java.lang.reflect.Method.invoke(Method.java:606)
	at org.eclipse.equinox.launcher.Main.invokeFramework(Main.java:636)
	at org.eclipse.equinox.launcher.Main.basicRun(Main.java:591)
	at org.eclipse.equinox.launcher.Main.run(Main.java:1450)
 WARN [2016-03-23 10:28:31,811] (ApexCodeEditor.java:getStatementNear:789) - An error occured while parsing the AST, the last cached version of the AST is being used
java.lang.IllegalArgumentException: 8: line breaks not allowed in string literals
	at com.salesforce.ide.ui.editors.apex.outline.AstUtils.removeComments(AstUtils.java:671)
	at com.salesforce.ide.ui.editors.apex.ast.IdeApexParserFactory.newParser(IdeApexParserFactory.java:45)
	at com.salesforce.ide.ui.editors.apex.ApexCodeEditor.getStatementNear(ApexCodeEditor.java:784)
	at com.salesforce.ide.ui.editors.apex.ApexCodeEditor.getSourceElementAt(ApexCodeEditor.java:745)
	at com.salesforce.ide.ui.editors.apex.ApexCodeEditor.computeHighlightRangeSourceReference(ApexCodeEditor.java:741)
	at com.salesforce.ide.ui.editors.apex.ApexCodeEditor.selectionChanged(ApexCodeEditor.java:605)
	at com.salesforce.ide.ui.editors.apex.ApexCodeEditor$EditorSelectionChangedListener.selectionChanged(ApexCodeEditor.java:598)
	at org.eclipse.jface.text.TextViewer.firePostSelectionChanged(TextViewer.java:2755)
	at org.eclipse.jface.text.TextViewer.firePostSelectionChanged(TextViewer.java:2703)
	at org.eclipse.jface.text.TextViewer$5.run(TextViewer.java:2682)
	at org.eclipse.swt.widgets.Display.runTimer(Display.java:4271)
	at org.eclipse.swt.widgets.Display.messageProc(Display.java:3358)
	at org.eclipse.swt.internal.win32.OS.DispatchMessageW(Native Method)
	at org.eclipse.swt.internal.win32.OS.DispatchMessage(OS.java:2549)
	at org.eclipse.swt.widgets.Display.readAndDispatch(Display.java:3757)
	at org.eclipse.e4.ui.internal.workbench.swt.PartRenderingEngine$9.run(PartRenderingEngine.java:1113)
	at org.eclipse.core.databinding.observable.Realm.runWithDefault(Realm.java:332)
	at org.eclipse.e4.ui.internal.workbench.swt.PartRenderingEngine.run(PartRenderingEngine.java:997)
	at org.eclipse.e4.ui.internal.workbench.E4Workbench.createAndRunUI(E4Workbench.java:138)
	at org.eclipse.ui.internal.Workbench$5.run(Workbench.java:610)
	at org.eclipse.core.databinding.observable.Realm.runWithDefault(Realm.java:332)
	at org.eclipse.ui.internal.Workbench.createAndRunWorkbench(Workbench.java:567)
	at org.eclipse.ui.PlatformUI.createAndRunWorkbench(PlatformUI.java:150)
	at org.eclipse.ui.internal.ide.application.IDEApplication.start(IDEApplication.java:124)
	at org.eclipse.equinox.internal.app.EclipseAppHandle.run(EclipseAppHandle.java:196)
	at org.eclipse.core.runtime.internal.adaptor.EclipseAppLauncher.runApplication(EclipseAppLauncher.java:110)
	at org.eclipse.core.runtime.internal.adaptor.EclipseAppLauncher.start(EclipseAppLauncher.java:79)
	at org.eclipse.core.runtime.adaptor.EclipseStarter.run(EclipseStarter.java:354)
	at org.eclipse.core.runtime.adaptor.EclipseStarter.run(EclipseStarter.java:181)
	at sun.reflect.NativeMethodAccessorImpl.invoke0(Native Method)
	at sun.reflect.NativeMethodAccessorImpl.invoke(NativeMethodAccessorImpl.java:57)
	at sun.reflect.DelegatingMethodAccessorImpl.invoke(DelegatingMethodAccessorImpl.java:43)
	at java.lang.reflect.Method.invoke(Method.java:606)
	at org.eclipse.equinox.launcher.Main.invokeFramework(Main.java:636)
	at org.eclipse.equinox.launcher.Main.basicRun(Main.java:591)
	at org.eclipse.equinox.launcher.Main.run(Main.java:1450)
 WARN [2016-03-23 10:28:32,593] (ApexCodeEditor.java:getStatementNear:789) - An error occured while parsing the AST, the last cached version of the AST is being used
java.lang.IllegalArgumentException: 8: line breaks not allowed in string literals
	at com.salesforce.ide.ui.editors.apex.outline.AstUtils.removeComments(AstUtils.java:671)
	at com.salesforce.ide.ui.editors.apex.ast.IdeApexParserFactory.newParser(IdeApexParserFactory.java:45)
	at com.salesforce.ide.ui.editors.apex.ApexCodeEditor.getStatementNear(ApexCodeEditor.java:784)
	at com.salesforce.ide.ui.editors.apex.ApexCodeEditor.getSourceElementAt(ApexCodeEditor.java:745)
	at com.salesforce.ide.ui.editors.apex.ApexCodeEditor.computeHighlightRangeSourceReference(ApexCodeEditor.java:741)
	at com.salesforce.ide.ui.editors.apex.ApexCodeEditor.selectionChanged(ApexCodeEditor.java:605)
	at com.salesforce.ide.ui.editors.apex.AstEditor$1.run(AstEditor.java:45)
	at org.eclipse.swt.widgets.RunnableLock.run(RunnableLock.java:35)
	at org.eclipse.swt.widgets.Synchronizer.runAsyncMessages(Synchronizer.java:135)
	at org.eclipse.swt.widgets.Display.runAsyncMessages(Display.java:4145)
	at org.eclipse.swt.widgets.Display.readAndDispatch(Display.java:3762)
	at org.eclipse.e4.ui.internal.workbench.swt.PartRenderingEngine$9.run(PartRenderingEngine.java:1113)
	at org.eclipse.core.databinding.observable.Realm.runWithDefault(Realm.java:332)
	at org.eclipse.e4.ui.internal.workbench.swt.PartRenderingEngine.run(PartRenderingEngine.java:997)
	at org.eclipse.e4.ui.internal.workbench.E4Workbench.createAndRunUI(E4Workbench.java:138)
	at org.eclipse.ui.internal.Workbench$5.run(Workbench.java:610)
	at org.eclipse.core.databinding.observable.Realm.runWithDefault(Realm.java:332)
	at org.eclipse.ui.internal.Workbench.createAndRunWorkbench(Workbench.java:567)
	at org.eclipse.ui.PlatformUI.createAndRunWorkbench(PlatformUI.java:150)
	at org.eclipse.ui.internal.ide.application.IDEApplication.start(IDEApplication.java:124)
	at org.eclipse.equinox.internal.app.EclipseAppHandle.run(EclipseAppHandle.java:196)
	at org.eclipse.core.runtime.internal.adaptor.EclipseAppLauncher.runApplication(EclipseAppLauncher.java:110)
	at org.eclipse.core.runtime.internal.adaptor.EclipseAppLauncher.start(EclipseAppLauncher.java:79)
	at org.eclipse.core.runtime.adaptor.EclipseStarter.run(EclipseStarter.java:354)
	at org.eclipse.core.runtime.adaptor.EclipseStarter.run(EclipseStarter.java:181)
	at sun.reflect.NativeMethodAccessorImpl.invoke0(Native Method)
	at sun.reflect.NativeMethodAccessorImpl.invoke(NativeMethodAccessorImpl.java:57)
	at sun.reflect.DelegatingMethodAccessorImpl.invoke(DelegatingMethodAccessorImpl.java:43)
	at java.lang.reflect.Method.invoke(Method.java:606)
	at org.eclipse.equinox.launcher.Main.invokeFramework(Main.java:636)
	at org.eclipse.equinox.launcher.Main.basicRun(Main.java:591)
	at org.eclipse.equinox.launcher.Main.run(Main.java:1450)
 WARN [2016-03-23 10:28:32,674] (ApexCodeEditor.java:getStatementNear:789) - An error occured while parsing the AST, the last cached version of the AST is being used
java.lang.IllegalArgumentException: 8: line breaks not allowed in string literals
	at com.salesforce.ide.ui.editors.apex.outline.AstUtils.removeComments(AstUtils.java:671)
	at com.salesforce.ide.ui.editors.apex.ast.IdeApexParserFactory.newParser(IdeApexParserFactory.java:45)
	at com.salesforce.ide.ui.editors.apex.ApexCodeEditor.getStatementNear(ApexCodeEditor.java:784)
	at com.salesforce.ide.ui.editors.apex.ApexCodeEditor.getSourceElementAt(ApexCodeEditor.java:745)
	at com.salesforce.ide.ui.editors.apex.ApexCodeEditor.computeHighlightRangeSourceReference(ApexCodeEditor.java:741)
	at com.salesforce.ide.ui.editors.apex.ApexCodeEditor.selectionChanged(ApexCodeEditor.java:605)
	at com.salesforce.ide.ui.editors.apex.ApexCodeEditor$EditorSelectionChangedListener.selectionChanged(ApexCodeEditor.java:598)
	at org.eclipse.jface.text.TextViewer.firePostSelectionChanged(TextViewer.java:2755)
	at org.eclipse.jface.text.TextViewer.firePostSelectionChanged(TextViewer.java:2703)
	at org.eclipse.jface.text.TextViewer$5.run(TextViewer.java:2682)
	at org.eclipse.swt.widgets.Display.runTimer(Display.java:4271)
	at org.eclipse.swt.widgets.Display.messageProc(Display.java:3358)
	at org.eclipse.swt.internal.win32.OS.DispatchMessageW(Native Method)
	at org.eclipse.swt.internal.win32.OS.DispatchMessage(OS.java:2549)
	at org.eclipse.swt.widgets.Display.readAndDispatch(Display.java:3757)
	at org.eclipse.e4.ui.internal.workbench.swt.PartRenderingEngine$9.run(PartRenderingEngine.java:1113)
	at org.eclipse.core.databinding.observable.Realm.runWithDefault(Realm.java:332)
	at org.eclipse.e4.ui.internal.workbench.swt.PartRenderingEngine.run(PartRenderingEngine.java:997)
	at org.eclipse.e4.ui.internal.workbench.E4Workbench.createAndRunUI(E4Workbench.java:138)
	at org.eclipse.ui.internal.Workbench$5.run(Workbench.java:610)
	at org.eclipse.core.databinding.observable.Realm.runWithDefault(Realm.java:332)
	at org.eclipse.ui.internal.Workbench.createAndRunWorkbench(Workbench.java:567)
	at org.eclipse.ui.PlatformUI.createAndRunWorkbench(PlatformUI.java:150)
	at org.eclipse.ui.internal.ide.application.IDEApplication.start(IDEApplication.java:124)
	at org.eclipse.equinox.internal.app.EclipseAppHandle.run(EclipseAppHandle.java:196)
	at org.eclipse.core.runtime.internal.adaptor.EclipseAppLauncher.runApplication(EclipseAppLauncher.java:110)
	at org.eclipse.core.runtime.internal.adaptor.EclipseAppLauncher.start(EclipseAppLauncher.java:79)
	at org.eclipse.core.runtime.adaptor.EclipseStarter.run(EclipseStarter.java:354)
	at org.eclipse.core.runtime.adaptor.EclipseStarter.run(EclipseStarter.java:181)
	at sun.reflect.NativeMethodAccessorImpl.invoke0(Native Method)
	at sun.reflect.NativeMethodAccessorImpl.invoke(NativeMethodAccessorImpl.java:57)
	at sun.reflect.DelegatingMethodAccessorImpl.invoke(DelegatingMethodAccessorImpl.java:43)
	at java.lang.reflect.Method.invoke(Method.java:606)
	at org.eclipse.equinox.launcher.Main.invokeFramework(Main.java:636)
	at org.eclipse.equinox.launcher.Main.basicRun(Main.java:591)
	at org.eclipse.equinox.launcher.Main.run(Main.java:1450)
 WARN [2016-03-23 10:28:34,595] (ApexCodeEditor.java:getStatementNear:789) - An error occured while parsing the AST, the last cached version of the AST is being used
java.lang.IllegalArgumentException: 8: line breaks not allowed in string literals
	at com.salesforce.ide.ui.editors.apex.outline.AstUtils.removeComments(AstUtils.java:671)
	at com.salesforce.ide.ui.editors.apex.ast.IdeApexParserFactory.newParser(IdeApexParserFactory.java:45)
	at com.salesforce.ide.ui.editors.apex.ApexCodeEditor.getStatementNear(ApexCodeEditor.java:784)
	at com.salesforce.ide.ui.editors.apex.ApexCodeEditor.getSourceElementAt(ApexCodeEditor.java:745)
	at com.salesforce.ide.ui.editors.apex.ApexCodeEditor.computeHighlightRangeSourceReference(ApexCodeEditor.java:741)
	at com.salesforce.ide.ui.editors.apex.ApexCodeEditor.selectionChanged(ApexCodeEditor.java:605)
	at com.salesforce.ide.ui.editors.apex.ApexCodeEditor$EditorSelectionChangedListener.selectionChanged(ApexCodeEditor.java:598)
	at org.eclipse.jface.text.TextViewer.firePostSelectionChanged(TextViewer.java:2755)
	at org.eclipse.jface.text.TextViewer.firePostSelectionChanged(TextViewer.java:2703)
	at org.eclipse.jface.text.TextViewer$5.run(TextViewer.java:2682)
	at org.eclipse.swt.widgets.Display.runTimer(Display.java:4271)
	at org.eclipse.swt.widgets.Display.messageProc(Display.java:3358)
	at org.eclipse.swt.internal.win32.OS.DispatchMessageW(Native Method)
	at org.eclipse.swt.internal.win32.OS.DispatchMessage(OS.java:2549)
	at org.eclipse.swt.widgets.Display.readAndDispatch(Display.java:3757)
	at org.eclipse.e4.ui.internal.workbench.swt.PartRenderingEngine$9.run(PartRenderingEngine.java:1113)
	at org.eclipse.core.databinding.observable.Realm.runWithDefault(Realm.java:332)
	at org.eclipse.e4.ui.internal.workbench.swt.PartRenderingEngine.run(PartRenderingEngine.java:997)
	at org.eclipse.e4.ui.internal.workbench.E4Workbench.createAndRunUI(E4Workbench.java:138)
	at org.eclipse.ui.internal.Workbench$5.run(Workbench.java:610)
	at org.eclipse.core.databinding.observable.Realm.runWithDefault(Realm.java:332)
	at org.eclipse.ui.internal.Workbench.createAndRunWorkbench(Workbench.java:567)
	at org.eclipse.ui.PlatformUI.createAndRunWorkbench(PlatformUI.java:150)
	at org.eclipse.ui.internal.ide.application.IDEApplication.start(IDEApplication.java:124)
	at org.eclipse.equinox.internal.app.EclipseAppHandle.run(EclipseAppHandle.java:196)
	at org.eclipse.core.runtime.internal.adaptor.EclipseAppLauncher.runApplication(EclipseAppLauncher.java:110)
	at org.eclipse.core.runtime.internal.adaptor.EclipseAppLauncher.start(EclipseAppLauncher.java:79)
	at org.eclipse.core.runtime.adaptor.EclipseStarter.run(EclipseStarter.java:354)
	at org.eclipse.core.runtime.adaptor.EclipseStarter.run(EclipseStarter.java:181)
	at sun.reflect.NativeMethodAccessorImpl.invoke0(Native Method)
	at sun.reflect.NativeMethodAccessorImpl.invoke(NativeMethodAccessorImpl.java:57)
	at sun.reflect.DelegatingMethodAccessorImpl.invoke(DelegatingMethodAccessorImpl.java:43)
	at java.lang.reflect.Method.invoke(Method.java:606)
	at org.eclipse.equinox.launcher.Main.invokeFramework(Main.java:636)
	at org.eclipse.equinox.launcher.Main.basicRun(Main.java:591)
	at org.eclipse.equinox.launcher.Main.run(Main.java:1450)
 WARN [2016-03-23 10:28:34,595] (ApexCodeEditor.java:getStatementNear:789) - An error occured while parsing the AST, the last cached version of the AST is being used
java.lang.IllegalArgumentException: 8: line breaks not allowed in string literals
	at com.salesforce.ide.ui.editors.apex.outline.AstUtils.removeComments(AstUtils.java:671)
	at com.salesforce.ide.ui.editors.apex.ast.IdeApexParserFactory.newParser(IdeApexParserFactory.java:45)
	at com.salesforce.ide.ui.editors.apex.ApexCodeEditor.getStatementNear(ApexCodeEditor.java:784)
	at com.salesforce.ide.ui.editors.apex.ApexCodeEditor.getSourceElementAt(ApexCodeEditor.java:745)
	at com.salesforce.ide.ui.editors.apex.ApexCodeEditor.computeHighlightRangeSourceReference(ApexCodeEditor.java:741)
	at com.salesforce.ide.ui.editors.apex.ApexCodeEditor.selectionChanged(ApexCodeEditor.java:605)
	at com.salesforce.ide.ui.editors.apex.AstEditor$1.run(AstEditor.java:45)
	at org.eclipse.swt.widgets.RunnableLock.run(RunnableLock.java:35)
	at org.eclipse.swt.widgets.Synchronizer.runAsyncMessages(Synchronizer.java:135)
	at org.eclipse.swt.widgets.Display.runAsyncMessages(Display.java:4145)
	at org.eclipse.swt.widgets.Display.readAndDispatch(Display.java:3762)
	at org.eclipse.e4.ui.internal.workbench.swt.PartRenderingEngine$9.run(PartRenderingEngine.java:1113)
	at org.eclipse.core.databinding.observable.Realm.runWithDefault(Realm.java:332)
	at org.eclipse.e4.ui.internal.workbench.swt.PartRenderingEngine.run(PartRenderingEngine.java:997)
	at org.eclipse.e4.ui.internal.workbench.E4Workbench.createAndRunUI(E4Workbench.java:138)
	at org.eclipse.ui.internal.Workbench$5.run(Workbench.java:610)
	at org.eclipse.core.databinding.observable.Realm.runWithDefault(Realm.java:332)
	at org.eclipse.ui.internal.Workbench.createAndRunWorkbench(Workbench.java:567)
	at org.eclipse.ui.PlatformUI.createAndRunWorkbench(PlatformUI.java:150)
	at org.eclipse.ui.internal.ide.application.IDEApplication.start(IDEApplication.java:124)
	at org.eclipse.equinox.internal.app.EclipseAppHandle.run(EclipseAppHandle.java:196)
	at org.eclipse.core.runtime.internal.adaptor.EclipseAppLauncher.runApplication(EclipseAppLauncher.java:110)
	at org.eclipse.core.runtime.internal.adaptor.EclipseAppLauncher.start(EclipseAppLauncher.java:79)
	at org.eclipse.core.runtime.adaptor.EclipseStarter.run(EclipseStarter.java:354)
	at org.eclipse.core.runtime.adaptor.EclipseStarter.run(EclipseStarter.java:181)
	at sun.reflect.NativeMethodAccessorImpl.invoke0(Native Method)
	at sun.reflect.NativeMethodAccessorImpl.invoke(NativeMethodAccessorImpl.java:57)
	at sun.reflect.DelegatingMethodAccessorImpl.invoke(DelegatingMethodAccessorImpl.java:43)
	at java.lang.reflect.Method.invoke(Method.java:606)
	at org.eclipse.equinox.launcher.Main.invokeFramework(Main.java:636)
	at org.eclipse.equinox.launcher.Main.basicRun(Main.java:591)
	at org.eclipse.equinox.launcher.Main.run(Main.java:1450)
 WARN [2016-03-23 10:47:22,846] (ProjectService.java:handleDeployResult:1909) - Save failed!
 WARN [2016-03-23 10:47:22,856] (ProjectService.java:handleRetrieveResult:2085) - Nothing to save to project - retrieve result is empty
 WARN [2016-03-23 10:47:24,462] (ProjectService.java:handleDeployResult:1909) - Save failed!
 WARN [2016-03-23 10:47:24,472] (ProjectService.java:handleRetrieveResult:2085) - Nothing to save to project - retrieve result is empty
 WARN [2016-03-23 10:47:49,199] (ProjectService.java:handleDeployResult:1909) - Save failed!
 WARN [2016-03-23 10:47:49,209] (ProjectService.java:handleRetrieveResult:2085) - Nothing to save to project - retrieve result is empty
 WARN [2016-03-23 10:48:08,503] (ProjectService.java:handleDeployResult:1909) - Save failed!
 WARN [2016-03-23 10:48:08,513] (ProjectService.java:handleRetrieveResult:2085) - Nothing to save to project - retrieve result is empty
 WARN [2016-03-23 10:48:45,970] (ProjectService.java:handleDeployResult:1909) - Save failed!
 WARN [2016-03-23 10:48:45,970] (ProjectService.java:handleRetrieveResult:2085) - Nothing to save to project - retrieve result is empty
 WARN [2016-03-23 10:49:32,891] (ProjectService.java:handleDeployResult:1909) - Save failed!
 WARN [2016-03-23 10:49:32,901] (ProjectService.java:handleRetrieveResult:2085) - Nothing to save to project - retrieve result is empty
 WARN [2016-03-23 10:49:39,251] (ProjectService.java:handleDeployResult:1909) - Save failed!
 WARN [2016-03-23 10:49:39,261] (ProjectService.java:handleRetrieveResult:2085) - Nothing to save to project - retrieve result is empty
 WARN [2016-03-23 10:50:20,506] (BaseAction.java:run:193) - Pre-run failed.  Action not executed.
 WARN [2016-03-23 10:51:04,345] (ProjectService.java:handleDeployResult:1909) - Save failed!
 WARN [2016-03-23 10:51:04,355] (ProjectService.java:handleRetrieveResult:2085) - Nothing to save to project - retrieve result is empty
 WARN [2016-03-23 10:51:15,630] (ProjectService.java:handleDeployResult:1909) - Save failed!
 WARN [2016-03-23 10:51:15,647] (ProjectService.java:handleRetrieveResult:2085) - Nothing to save to project - retrieve result is empty
 WARN [2016-03-23 10:51:30,476] (ProjectService.java:handleDeployResult:1909) - Save failed!
 WARN [2016-03-23 10:51:30,486] (ProjectService.java:handleRetrieveResult:2085) - Nothing to save to project - retrieve result is empty
 WARN [2016-03-23 10:51:58,420] (BaseAction.java:run:193) - Pre-run failed.  Action not executed.
 WARN [2016-03-23 10:52:43,343] (ProjectService.java:handleDeployResult:1909) - Save failed!
 WARN [2016-03-23 10:52:43,672] (ProjectService.java:handleRetrieveResult:2085) - Nothing to save to project - retrieve result is empty
 WARN [2016-03-23 10:53:47,242] (ProjectService.java:handleDeployResult:1909) - Save failed!
 WARN [2016-03-23 10:53:47,252] (ProjectService.java:handleRetrieveResult:2085) - Nothing to save to project - retrieve result is empty
 WARN [2016-03-23 10:54:46,585] (ProjectService.java:handleDeployResult:1909) - Save failed!
 WARN [2016-03-23 10:54:46,597] (ProjectService.java:handleRetrieveResult:2085) - Nothing to save to project - retrieve result is empty
 WARN [2016-03-23 10:55:56,823] (ProjectService.java:handleDeployResult:1909) - Save failed!
 WARN [2016-03-23 10:55:56,833] (ProjectService.java:handleRetrieveResult:2085) - Nothing to save to project - retrieve result is empty
 WARN [2016-03-23 11:00:39,399] (BuilderPayload.java:handleConflict:377) - Conflict found while preparing to save 'TestClassLeadConsults.cls' to server.  Remote instance has been updated since last save or sync.  Use the Synchronize Perspective to resolve the conflict.
 WARN [2016-03-23 11:00:51,100] (BuilderPayload.java:handleConflict:377) - Conflict found while preparing to save 'TestClassLeadConsults.cls' to server.  Remote instance has been updated since last save or sync.  Use the Synchronize Perspective to resolve the conflict.
